<?xml version="1.0" encoding="UTF-8"?>
<!-- Generated by org.testng.reporters.JUnitReportReporter -->
<testsuite hostname="BKSA-TD-LP008" failures="0" tests="1" name="TestRunner" time="8.874" errors="0" timestamp="2022-01-24T18:35:23 SAST" skipped="0">
  <testcase classname="TestRunner" name="runScenario" time="8.874"/>
  <system-out/>
</testsuite> <!-- TestRunner -->
